2025-06-11T10:52:44.154+02:00    [Info]       [veos-build]                      The XCP service port was not specified. The port number will be assigned automatically during the build process.
2025-06-11T10:52:44.174+02:00    [Info]       [Persistence]                     Extracting the simulation system from the following file: C:\Users\Ase-Lab\Desktop\ASE_Lab_Unit_4_Template\ASE_Lab_Unit_4_Template\VEcuImplementations\EcuInstance\Build\EcuInstance.osa.
2025-06-11T10:52:44.557+02:00    [Info]       [Persistence]                     Extracted the following simulation system: EcuInstance.
2025-06-11T10:52:46.017+02:00    [Info]       [Core Services]                   License was acquired: VEOS - Base, Local license: The license is borrowed and expires automatically.
2025-06-11T10:52:46.062+02:00    [Info]       [SystemBuilder]                   Build of the following simulation system started: EcuInstance.
2025-06-11T10:52:46.078+02:00    [Info]       [veos-build]                      ================================================================================
2025-06-11T10:52:46.080+02:00    [Info]       [veos-build]                      STARTING BUILD OF SIMULATION SYSTEM
2025-06-11T10:52:46.082+02:00    [Info]       [veos-build]                      ================================================================================
2025-06-11T10:52:46.091+02:00    [Info]       [SystemBuilder]                   The connections of the VPU ports are read for restoration after the build.
2025-06-11T10:52:46.094+02:00    [Info]       [SystemBuilder]                   The connections of the VPUs to bus channels are read for restoration after the build.
2025-06-11T10:52:46.157+02:00    [Info]       [SystemBuilder]                   The following simulation target will be used for the build: HostPC64/GCC.
2025-06-11T10:52:46.164+02:00    [Info]       [SystemBuilder]                   Started import of VPU build data.
2025-06-11T10:52:46.182+02:00    [Info]       [BuildDataImporter]               Import of code files, module configurations, and variable descriptions started.
2025-06-11T10:52:46.202+02:00    [Info]       [BuildDataImporter]               Selected the following simulation target for this build: HostPC64/GCC.
2025-06-11T10:52:46.207+02:00    [Info]       [BuildDataImporter]               Importing VPU build settings from the V-ECU implementation file.
2025-06-11T10:52:46.644+02:00    [Info]       [BuildDataImporter]               Using the following V-ECU import rule set to import this container: Standard Classic V-ECU 3.1.0.
2025-06-11T10:52:46.675+02:00    [Info]       [TargetSwServices]                Completed the import of the Os module with the /dSPACE_Sim/Os definition reference. Code will be generated for this configuration.
2025-06-11T10:52:46.724+02:00    [Info]       [TargetSwServices]                Completed the import of the Sab module with the /dSPACE_Sim/Sab definition reference. Code will be generated for this configuration.
2025-06-11T10:52:46.733+02:00    [Info]       [TargetSwServices]                Completed the import of the Dap module with the /dSPACE_Sim/Dap definition reference. Code will be generated for this configuration.
2025-06-11T10:52:46.960+02:00    [Info]       [BuildDataImporter]               Finished the import of VPU build data.
2025-06-11T10:52:46.966+02:00    [Info]       [SystemBuilder]                   The existing EcuInstance VPU will be used to build the EcuInstance VPU.
2025-06-11T10:52:47.006+02:00    [Info]       [SystemBuilder]                   Started code generation for backplane module configurations.
2025-06-11T10:52:47.035+02:00    [Info]       [CodeGenerationController]        Started the generation of code...
2025-06-11T10:52:47.042+02:00    [Info]       [CodeGenerationController]        Verifying preconditions and starting import of module configurations.
2025-06-11T10:52:47.064+02:00    [Info]       [OsCodeGenerator]                 Determining the system timer for the target VPU.
2025-06-11T10:52:47.069+02:00    [Info]       [OsCodeGenerator]                 The following OS counter is assumed to be the system timer for simulation:  SystemTimer.
2025-06-11T10:52:47.094+02:00    [Info]       [OsCodeGenerator]                 The value of the auto-generated event mask for the following OS event is 1:  Rte_OsEvent_0.
2025-06-11T10:52:47.099+02:00    [Info]       [OsCodeGenerator]                 The value of the auto-generated event mask for the following OS event is 2:  Rte_OsEvent_1.
2025-06-11T10:52:47.144+02:00    [Info]       [CodeGenerationController]        The verification of module configurations started.
2025-06-11T10:52:47.149+02:00    [Info]       [OsCodeGenerator]                 Validation of the following OS configuration started: Os.
2025-06-11T10:52:47.170+02:00    [Info]       [SabCodeGenerator]                The validation of the simulator abstraction module configuration has started.
2025-06-11T10:52:47.175+02:00    [Info]       [DapCodeGenerator]                Starting validation of access point configuration.
2025-06-11T10:52:47.186+02:00    [Info]       [CodeGenerationController]        Generating target files to the following folder: C:\Users\Ase-Lab\Desktop\ASE_Lab_Unit_4_Template\ASE_Lab_Unit_4_Template\VEcuImplementations\EcuInstance\Build\EcuInstance\GeneratedCode.
2025-06-11T10:52:48.471+02:00    [Info]       [CodeGenerationController]        Import of calibratable, measurable or stimulatable code symbols started.
2025-06-11T10:52:48.495+02:00    [Info]       [CodeGenerationController]        Collecting results of code generation phases and creating result.
2025-06-11T10:52:48.498+02:00    [Info]       [CodeGenerationController]        Completed code generation.
2025-06-11T10:52:48.582+02:00    [Info]       [BuildManager]                    VPU build process started.
2025-06-11T10:52:48.645+02:00    [Info]       [veos-build]                      Compiler location           : "C:\Program Files\Common Files\dSPACE\GCC\5.2"
2025-06-11T10:52:48.650+02:00    [Info]       [veos-build]                      Generic source directory    : "C:\Program Files\dSPACE VEOS 5.4\build\application\generic"
2025-06-11T10:52:48.653+02:00    [Info]       [veos-build]                      Target simulation directory : "C:\Program Files\dSPACE VEOS 5.4\build\application\BoardPackages\HostPC64\GCC"
2025-06-11T10:52:48.657+02:00    [Info]       [veos-build]                      Current working directory   : C:\Users\Ase-Lab\Desktop\ASE_Lab_Unit_4_Template\ASE_Lab_Unit_4_Template\VEcuImplementations\EcuInstance\Build\EcuInstance
2025-06-11T10:52:48.659+02:00    [Info]       [veos-build]                      Application name            : EcuInstance
2025-06-11T10:52:48.661+02:00    [Info]       [veos-build]                      ---------------------------------------------------------------------
2025-06-11T10:52:48.664+02:00    [Info]       [veos-build]                      PREPARING PARALLEL COMPILATION
2025-06-11T10:52:48.667+02:00    [Info]       [veos-build]                      STARTING PARALLEL COMPILATION ...
2025-06-11T10:52:48.727+02:00    [Info]       [veos-build]                      SchM.c
2025-06-11T10:52:48.729+02:00    [Info]       [veos-build]                      Rte.c
2025-06-11T10:52:48.733+02:00    [Info]       [veos-build]                      EcuM.c
2025-06-11T10:52:48.735+02:00    [Info]       [veos-build]                      EcuM_States.c
2025-06-11T10:52:48.793+02:00    [Info]       [veos-build]                      EcuM_Callout.c
2025-06-11T10:52:48.796+02:00    [Info]       [veos-build]                      EcuM_PBcfg.c
2025-06-11T10:52:48.831+02:00    [Info]       [veos-build]                      ReadFromSim.c
2025-06-11T10:52:48.858+02:00    [Info]       [veos-build]                      AdjustSpeed.c
2025-06-11T10:52:48.893+02:00    [Info]       [veos-build]                      SpeedControl.c
2025-06-11T10:52:48.908+02:00    [Info]       [veos-build]                      EmergencyBrake.c
2025-06-11T10:52:48.929+02:00    [Info]       [veos-build]                      WriteToSim.c
2025-06-11T10:52:48.953+02:00    [Info]       [veos-build]                      Os_Frm_generated.c
2025-06-11T10:52:48.976+02:00    [Info]       [veos-build]                      Os.c
2025-06-11T10:52:48.987+02:00    [Info]       [veos-build]                      Os_ErrorHandler.c
2025-06-11T10:52:49.009+02:00    [Info]       [veos-build]                      .\ExtractedData\EcuInstance.ActuatorSWC\WriteToSim.c: In function 'ActuatorSWC_WriteToSim':
2025-06-11T10:52:49.013+02:00    [Info]       [veos-build]                      .\ExtractedData\EcuInstance.ActuatorSWC\WriteToSim.c:81:7: warning: unused variable 'sent' [-Wunused-variable]
2025-06-11T10:52:49.017+02:00    [Info]       [veos-build]                         int sent = write(tx, txBuf, MSG_LEN);
2025-06-11T10:52:49.021+02:00    [Info]       [veos-build]                             ^
2025-06-11T10:52:49.032+02:00    [Info]       [veos-build]                      Os_Alarm.c
2025-06-11T10:52:49.047+02:00    [Info]       [veos-build]                      Os_Event.c
2025-06-11T10:52:49.064+02:00    [Info]       [veos-build]                      Os_ResInt.c
2025-06-11T10:52:49.077+02:00    [Info]       [veos-build]                      Os_Task.c
2025-06-11T10:52:49.129+02:00    [Info]       [veos-build]                      Os_SchedTbl.c
2025-06-11T10:52:49.132+02:00    [Info]       [veos-build]                      Os_Counter.c
2025-06-11T10:52:49.158+02:00    [Info]       [veos-build]                      Os_Kernel.c
2025-06-11T10:52:49.178+02:00    [Info]       [veos-build]                      Os_Stubs.c
2025-06-11T10:52:49.186+02:00    [Info]       [veos-build]                      Os_SimulationCore.c
2025-06-11T10:52:49.216+02:00    [Info]       [veos-build]                      Os_EcuCore.c
2025-06-11T10:52:49.253+02:00    [Info]       [veos-build]                      Os_Application.c
2025-06-11T10:52:49.257+02:00    [Info]       [veos-build]                      Os_Spinlock.c
2025-06-11T10:52:49.277+02:00    [Info]       [veos-build]                      Os_Native.c
2025-06-11T10:52:49.283+02:00    [Info]       [veos-build]                      Os_TaskHandlingViaCallbacks.c
2025-06-11T10:52:49.332+02:00    [Info]       [veos-build]                      Sab_Cfg_generated.c
2025-06-11T10:52:49.336+02:00    [Info]       [veos-build]                      Sab.c
2025-06-11T10:52:49.356+02:00    [Info]       [veos-build]                      Sab_MsgApi.c
2025-06-11T10:52:49.387+02:00    [Info]       [veos-build]                      Sab_SwTimer.c
2025-06-11T10:52:49.393+02:00    [Info]       [veos-build]                      Sab_HwTimer.c
2025-06-11T10:52:49.447+02:00    [Info]       [veos-build]                      Sab_Gpt_Stub.c
2025-06-11T10:52:49.454+02:00    [Info]       [veos-build]                      Sab_ResourceFile.c
2025-06-11T10:52:49.475+02:00    [Info]       [veos-build]                      Dap_Cfg_Inports_generated.c
2025-06-11T10:52:49.495+02:00    [Info]       [veos-build]                      Dap_Cfg_Outports_generated.c
2025-06-11T10:52:49.554+02:00    [Info]       [veos-build]                      Dap.c
2025-06-11T10:52:49.568+02:00    [Info]       [veos-build]                      SmartServices_Cfg_generated.c
2025-06-11T10:52:49.610+02:00    [Info]       [veos-build]                      SmartServices.c
2025-06-11T10:52:49.626+02:00    [Info]       [veos-build]                      VEcuAppFrm.c
2025-06-11T10:52:49.667+02:00    [Info]       [veos-build]                      VEcuAppFrm_Exp.c
2025-06-11T10:52:49.706+02:00    [Info]       [veos-build]                      VEcuAppFrm_States.c
2025-06-11T10:52:49.746+02:00    [Info]       [veos-build]                      VEOS_Cfg_generated.c
2025-06-11T10:52:49.781+02:00    [Info]       [veos-build]                      VEOS_Api.c
2025-06-11T10:52:49.801+02:00    [Info]       [veos-build]                      VEOS_BusApi.c
2025-06-11T10:52:49.863+02:00    [Info]       [veos-build]                      VEOS_ExpApi.c
2025-06-11T10:52:49.875+02:00    [Info]       [veos-build]                      VEOS_SimApi.c
2025-06-11T10:52:49.937+02:00    [Info]       [veos-build]                      VEOS_NotiApi.c
2025-06-11T10:52:49.953+02:00    [Info]       [veos-build]                      VEOS_MsgApi.c
2025-06-11T10:52:50.014+02:00    [Info]       [veos-build]                      VEOS_PortApi.c
2025-06-11T10:52:50.034+02:00    [Info]       [veos-build]                      VEOS_OsTskApi.c
2025-06-11T10:52:50.083+02:00    [Info]       [veos-build]                      VEOS_Interaction.c
2025-06-11T10:52:50.091+02:00    [Info]       [veos-build]                      VEOS.c
2025-06-11T10:52:50.119+02:00    [Info]       [veos-build]                      VEOS_Impl.c
2025-06-11T10:52:50.145+02:00    [Info]       [veos-build]                      DsMsgApi.c
2025-06-11T10:52:50.259+02:00    [Info]       [veos-build]                      FINISHED PARALLEL COMPILATION
2025-06-11T10:52:50.260+02:00    [Info]       [veos-build]                      LINKING PROGRAM ...
2025-06-11T10:52:50.632+02:00    [Info]       [veos-build]                      LINKING FINISHED
2025-06-11T10:52:50.635+02:00    [Info]       [veos-build]                      MAKE PROCESS SUCCEEDED
2025-06-11T10:52:50.922+02:00    [Info]       [BuildManager]                    Build completed.
2025-06-11T10:52:50.933+02:00    [Info]       [VariableDescriptionHandler]      Variable description files export started.
2025-06-11T10:52:50.940+02:00    [Info]       [VariableDescriptionHandler]      Creating MAPX file...
2025-06-11T10:52:51.198+02:00    [Info]       [VariableDescriptionHandler]      Parsing MAPX file...
2025-06-11T10:52:51.219+02:00    [Info]       [VariableDescriptionHandler]      Extending A2L file...
2025-06-11T10:52:51.293+02:00    [Info]       [VariableDescriptionHandler]      Creating A2L file with addresses...
2025-06-11T10:52:51.554+02:00    [Info]       [VariableDescriptionHandler]      Copying MAP file...
2025-06-11T10:52:51.559+02:00    [Info]       [VariableDescriptionHandler]      Creating TRZ file...
2025-06-11T10:52:52.321+02:00    [Info]       [VariableDescriptionHandler]      Creating HEX file...
2025-06-11T10:52:52.582+02:00    [Info]       [VariableDescriptionHandler]      Variable description files export finished.
2025-06-11T10:52:52.602+02:00    [Info]       [SystemBuilder]                   Combining loaded simulation system data with the data from the build.
2025-06-11T10:52:52.621+02:00    [Info]       [SystemBuilder]                   Updating data model of VPU resulting from the following source container model: EcuInstance.
2025-06-11T10:52:52.918+02:00    [Info]       [SystemBuilder]                   Performing validation of simulation system EcuInstance
2025-06-11T10:52:52.933+02:00    [Info]       [SystemBuilder]                   Completed build of simulation system.
2025-06-11T10:52:52.935+02:00    [Info]       [veos-build]                      ================================================================================
2025-06-11T10:52:52.938+02:00    [Info]       [veos-build]                      BUILD OF SIMULATION SYSTEM FINISHED WITH STATE VALID
2025-06-11T10:52:52.940+02:00    [Info]       [veos-build]                      ================================================================================
2025-06-11T10:52:52.946+02:00    [Info]       [Persistence]                     Saving the EcuInstance simulation system to the following file: C:\Users\Ase-Lab\Desktop\ASE_Lab_Unit_4_Template\ASE_Lab_Unit_4_Template\VEcuImplementations\EcuInstance\Build\EcuInstance.osa.
2025-06-11T10:52:52.986+02:00    [Info]       [Persistence]                     Exporting variable descriptions to the following directory: C:\Users\Ase-Lab\Desktop\ASE_Lab_Unit_4_Template\ASE_Lab_Unit_4_Template\VEcuImplementations\EcuInstance\Build\EcuInstance.osa.
2025-06-11T10:52:53.057+02:00    [Info]       [Persistence]                     Saved the following simulation system: EcuInstance.
2025-06-11T10:52:53.071+02:00    [Info]       [Core Services]                   License was released: VEOS - Base, Local license: The license is borrowed and expires automatically.
